[0.086s] Invoking command in '/home/sahin/ros2_ws/build/my_cpp_pkg': CMAKE_PREFIX_PATH=${CMAKE_PREFIX_PATH}:/home/sahin/ros2_ws/install/my_py_pkg:/opt/ros/jazzy DEBUGINFOD_URLS=https://debuginfod.ubuntu.com /usr/bin/cmake --build /home/sahin/ros2_ws/build/my_cpp_pkg -- -j2 -l2
[0.250s] [ 50%] [32mBuilding CXX object CMakeFiles/cpp_node.dir/src/my_first_node.cpp.o[0m
[3.396s] [01m[K/home/sahin/ros2_ws/src/my_cpp_pkg/src/my_first_node.cpp:3:29:[m[K [01;31m[Kerror: [m[Kexpected class-name before â€˜[01m[K:[m[Kâ€™ token
[3.417s]     3 | class MyNode : public rclccp[01;31m[K:[m[KNode
[3.417s]       |                             [01;31m[K^[m[K
[3.417s] [01m[K/home/sahin/ros2_ws/src/my_cpp_pkg/src/my_first_node.cpp:3:29:[m[K [01;31m[Kerror: [m[Kexpected â€˜[01m[K{[m[Kâ€™ before â€˜[01m[K:[m[Kâ€™ token
[3.417s] [01m[K/home/sahin/ros2_ws/src/my_cpp_pkg/src/my_first_node.cpp:3:29:[m[K [01;31m[Kerror: [m[Kexpected unqualified-id before â€˜[01m[K:[m[Kâ€™ token
[3.417s] [01m[K/home/sahin/ros2_ws/src/my_cpp_pkg/src/my_first_node.cpp:[m[K In function â€˜[01m[Kint[01;32m[K main[m[K(int, char**)[m[Kâ€™:
[3.417s] [01m[K/home/sahin/ros2_ws/src/my_cpp_pkg/src/my_first_node.cpp:26:5:[m[K [01;31m[Kerror: [m[Kâ€˜[01m[Kuto[m[Kâ€™ was not declared in this scope; did you mean â€˜[01m[Kauto[m[Kâ€™?
[3.417s]    26 |     [01;31m[Kuto[m[K node = std::make_shared<MyNode>("cpp_tests"); // cpp_tests is nodde name
[3.417s]       |     [01;31m[K^~~[m[K
[3.417s]       |     [32m[Kauto[m[K
[3.417s] [01m[K/home/sahin/ros2_ws/src/my_cpp_pkg/src/my_first_node.cpp:34:18:[m[K [01;31m[Kerror: [m[Kâ€˜[01m[Knode[m[Kâ€™ was not declared in this scope
[3.417s]    34 |     rclcpp::spin([01;31m[Knode[m[K);
[3.417s]       |                  [01;31m[K^~~~[m[K
[4.170s] gmake[2]: *** [CMakeFiles/cpp_node.dir/build.make:76: CMakeFiles/cpp_node.dir/src/my_first_node.cpp.o] Error 1
[4.173s] gmake[1]: *** [CMakeFiles/Makefile2:137: CMakeFiles/cpp_node.dir/all] Error 2
[4.173s] gmake: *** [Makefile:146: all] Error 2
[4.174s] Invoked command in '/home/sahin/ros2_ws/build/my_cpp_pkg' returned '2': CMAKE_PREFIX_PATH=${CMAKE_PREFIX_PATH}:/home/sahin/ros2_ws/install/my_py_pkg:/opt/ros/jazzy DEBUGINFOD_URLS=https://debuginfod.ubuntu.com /usr/bin/cmake --build /home/sahin/ros2_ws/build/my_cpp_pkg -- -j2 -l2
