[01m[K/home/sahin/ros2_ws/src/my_cpp_pkg/src/my_first_node.cpp:[m[K In constructor â€˜[01m[KMyNode::[01;32m[KMyNode[m[K()[m[Kâ€™:
[01m[K/home/sahin/ros2_ws/src/my_cpp_pkg/src/my_first_node.cpp:6:35:[m[K [01;31m[Kerror: [m[Kclass â€˜[01m[KMyNode[m[Kâ€™ does not have any field named â€˜[01m[Kcounterr_[m[Kâ€™
    6 |     MyNode() : Node("cpp_test"),  [01;31m[Kcounterr_[m[K(0)
      |                                   [01;31m[K^~~~~~~~~[m[K
[01m[K/home/sahin/ros2_ws/src/my_cpp_pkg/src/my_first_node.cpp:9:42:[m[K [01;31m[Kerror: [m[Kâ€˜[01m[Kstdd[m[Kâ€™ has not been declared
    9 |         timer_ = this->create_wall_timer([01;31m[Kstdd[m[K::chrono::seconds(1),
      |                                          [01;31m[K^~~~[m[K
In file included from [01m[K/opt/ros/jazzy/include/rclcpp/rclcpp/copy_all_parameter_values.hpp:27[m[K,
                 from [01m[K/opt/ros/jazzy/include/rclcpp/rclcpp/rclcpp.hpp:171[m[K,
                 from [01m[K/home/sahin/ros2_ws/src/my_cpp_pkg/src/my_first_node.cpp:1[m[K:
[01m[K/home/sahin/ros2_ws/src/my_cpp_pkg/src/my_first_node.cpp:[m[K In member function â€˜[01m[Kvoid MyNode::[01;32m[KtimerCallback[m[K()[m[Kâ€™:
[01m[K/home/sahin/ros2_ws/src/my_cpp_pkg/src/my_first_node.cpp:16:9:[m[K [01;31m[Kerror: [m[Kinvalid use of non-static member function â€˜[01m[Krclcpp::Logger rclcpp::Node::[01;32m[Kget_logger[m[K() const[m[Kâ€™
   16 |         [01;31m[KRCLCPP_INFO[m[K(this->get_logger, "Hello %d", counter_);
      |         [01;31m[K^~~~~~~~~~~[m[K
In file included from [01m[K/opt/ros/jazzy/include/rclcpp/rclcpp/executors/single_threaded_executor.hpp:28[m[K,
                 from [01m[K/opt/ros/jazzy/include/rclcpp/rclcpp/executors.hpp:22[m[K,
                 from [01m[K/opt/ros/jazzy/include/rclcpp/rclcpp/rclcpp.hpp:172[m[K:
[01m[K/opt/ros/jazzy/include/rclcpp/rclcpp/node.hpp:144:3:[m[K [01;36m[Knote: [m[Kdeclared here
  144 |   [01;36m[Kget_logger[m[K() const;
      |   [01;36m[K^~~~~~~~~~[m[K
[01m[K/home/sahin/ros2_ws/src/my_cpp_pkg/src/my_first_node.cpp:16:9:[m[K [01;31m[Kerror: [m[Ktemplate argument 1 is invalid
   16 |         [01;31m[KRCLCPP_INFO[m[K(this->get_logger, "Hello %d", counter_);
      |         [01;31m[K^~~~~~~~~~~[m[K
[01m[K/home/sahin/ros2_ws/src/my_cpp_pkg/src/my_first_node.cpp:16:9:[m[K [01;31m[Kerror: [m[Ktemplate argument 1 is invalid
   16 |         [01;31m[KRCLCPP_INFO[m[K(this->get_logger, "Hello %d", counter_);
      |         [01;31m[K^~~~~~~~~~~[m[K
[01m[K/home/sahin/ros2_ws/src/my_cpp_pkg/src/my_first_node.cpp:16:9:[m[K [01;31m[Kerror: [m[Ktemplate argument 1 is invalid
   16 |         [01;31m[KRCLCPP_INFO[m[K(this->get_logger, "Hello %d", counter_);
      |         [01;31m[K^~~~~~~~~~~[m[K
In file included from [01m[K/opt/ros/jazzy/include/rclcpp/rclcpp/logging.hpp:24[m[K:
[01m[K/home/sahin/ros2_ws/src/my_cpp_pkg/src/my_first_node.cpp:16:27:[m[K [01;31m[Kerror: [m[Kinvalid use of member function â€˜[01m[Krclcpp::Logger rclcpp::Node::[01;32m[Kget_logger[m[K() const[m[Kâ€™ (did you forget the â€˜[01m[K()[m[Kâ€™ ?)
   16 |         RCLCPP_INFO(this->[01;31m[Kg[m[Ket_logger, "Hello %d", counter_);
      |                           [01;31m[K^[m[K
[01m[K/home/sahin/ros2_ws/src/my_cpp_pkg/src/my_first_node.cpp:16:27:[m[K [01;31m[Kerror: [m[Kinvalid use of member function â€˜[01m[Krclcpp::Logger rclcpp::Node::[01;32m[Kget_logger[m[K() const[m[Kâ€™ (did you forget the â€˜[01m[K()[m[Kâ€™ ?)
   16 |         RCLCPP_INFO(this->[01;31m[Kg[m[Ket_logger, "Hello %d", counter_);
      |                           [01;31m[K^[m[K
[01m[K/home/sahin/ros2_ws/src/my_cpp_pkg/src/my_first_node.cpp:17:9:[m[K [01;31m[Kerror: [m[Kâ€˜[01m[Kcounter[m[Kâ€™ was not declared in this scope; did you mean â€˜[01m[Kcounter_[m[Kâ€™?
   17 |         [01;31m[Kcounter[m[K ++;
      |         [01;31m[K^~~~~~~[m[K
      |         [32m[Kcounter_[m[K
gmake[2]: *** [CMakeFiles/cpp_node.dir/build.make:76: CMakeFiles/cpp_node.dir/src/my_first_node.cpp.o] Error 1
gmake[1]: *** [CMakeFiles/Makefile2:137: CMakeFiles/cpp_node.dir/all] Error 2
gmake: *** [Makefile:146: all] Error 2
