[0.039s] Invoking command in '/home/sahin/ros2_ws/build/my_cpp_pkg': CMAKE_PREFIX_PATH=${CMAKE_PREFIX_PATH}:/home/sahin/ros2_ws/install/my_py_pkg:/opt/ros/jazzy DEBUGINFOD_URLS=https://debuginfod.ubuntu.com /usr/bin/cmake --build /home/sahin/ros2_ws/build/my_cpp_pkg -- -j2 -l2
[0.232s] [ 50%] [32mBuilding CXX object CMakeFiles/cpp_node.dir/src/my_first_node.cpp.o[0m
[2.944s] [01m[K/home/sahin/ros2_ws/src/my_cpp_pkg/src/my_first_node.cpp:3:23:[m[K [01;31m[Kerror: [m[Kâ€˜[01m[Krclccp[m[Kâ€™ has not been declared
[2.944s]     3 | class MyNode : public [01;31m[Krclccp[m[K::Node
[2.944s]       |                       [01;31m[K^~~~~~[m[K
[2.944s] [01m[K/home/sahin/ros2_ws/src/my_cpp_pkg/src/my_first_node.cpp:3:31:[m[K [01;31m[Kerror: [m[Kexpected â€˜[01m[K{[m[Kâ€™ before â€˜[01m[KNode[m[Kâ€™
[2.944s]     3 | class MyNode : public rclccp::[01;31m[KNode[m[K
[2.944s]       |                               [01;31m[K^~~~[m[K
[2.945s] [01m[K/home/sahin/ros2_ws/src/my_cpp_pkg/src/my_first_node.cpp:5:1:[m[K [01;31m[Kerror: [m[Kexpected primary-expression before â€˜[01m[Kpublic[m[Kâ€™
[2.945s]     5 | [01;31m[Kpublic[m[K:
[2.945s]       | [01;31m[K^~~~~~[m[K
[2.945s] [01m[K/home/sahin/ros2_ws/src/my_cpp_pkg/src/my_first_node.cpp:5:1:[m[K [01;31m[Kerror: [m[Kexpected â€˜[01m[K}[m[Kâ€™ before â€˜[01m[Kpublic[m[Kâ€™
[2.945s] [01m[K/home/sahin/ros2_ws/src/my_cpp_pkg/src/my_first_node.cpp:4:1:[m[K [01;36m[Knote: [m[Kto match this â€˜[01m[K{[m[Kâ€™
[2.945s]     4 | [01;36m[K{[m[K
[2.945s]       | [01;36m[K^[m[K
[2.945s] [01m[K/home/sahin/ros2_ws/src/my_cpp_pkg/src/my_first_node.cpp:14:1:[m[K [01;31m[Kerror: [m[Kexpected unqualified-id before â€˜[01m[Kprivate[m[Kâ€™
[2.945s]    14 | [01;31m[Kprivate[m[K:
[2.945s]       | [01;31m[K^~~~~~~[m[K
[2.945s] [01m[K/home/sahin/ros2_ws/src/my_cpp_pkg/src/my_first_node.cpp:23:1:[m[K [01;31m[Kerror: [m[Kexpected declaration before â€˜[01m[K}[m[Kâ€™ token
[2.945s]    23 | [01;31m[K}[m[K;
[2.945s]       | [01;31m[K^[m[K
[2.994s] [01m[K/home/sahin/ros2_ws/src/my_cpp_pkg/src/my_first_node.cpp:[m[K In function â€˜[01m[Kint[01;32m[K main[m[K(int, char**)[m[Kâ€™:
[2.994s] [01m[K/home/sahin/ros2_ws/src/my_cpp_pkg/src/my_first_node.cpp:36:17:[m[K [01;31m[Kerror: [m[Kno matching function for call to â€˜[01m[Kspin(std::shared_ptr<MyNode>&)[m[Kâ€™
[2.994s]    36 |     [01;31m[Krclcpp::spin(node)[m[K;
[2.995s]       |     [01;31m[K~~~~~~~~~~~~^~~~~~[m[K
[2.995s] In file included from [01m[K/opt/ros/jazzy/include/rclcpp/rclcpp/rclcpp.hpp:172[m[K,
[2.995s]                  from [01m[K/home/sahin/ros2_ws/src/my_cpp_pkg/src/my_first_node.cpp:1[m[K:
[2.995s] [01m[K/opt/ros/jazzy/include/rclcpp/rclcpp/executors.hpp:58:1:[m[K [01;36m[Knote: [m[Kcandidate: â€˜[01m[Kvoid rclcpp::[01;32m[Kspin[m[K(node_interfaces::NodeBaseInterface::SharedPtr)[m[Kâ€™
[2.995s]    58 | [01;36m[Kspin[m[K(rclcpp::node_interfaces::NodeBaseInterface::SharedPtr node_ptr);
[2.995s]       | [01;36m[K^~~~[m[K
[2.995s] [01m[K/opt/ros/jazzy/include/rclcpp/rclcpp/executors.hpp:58:60:[m[K [01;36m[Knote: [m[K  no known conversion for argument 1 from â€˜[01m[Kshared_ptr<[01;32m[KMyNode[m[K>[m[Kâ€™ to â€˜[01m[Kshared_ptr<[01;32m[Krclcpp::node_interfaces::NodeBaseInterface[m[K>[m[Kâ€™
[2.995s]    58 | spin([01;36m[Krclcpp::node_interfaces::NodeBaseInterface::SharedPtr node_ptr[m[K);
[2.995s]       |      [01;36m[K~~~~~~~~~~~~~~~~~~~~~~~~~~~~~~~~~~~~~~~~~~~~~~~~~~~~~~^~~~~~~~[m[K
[2.995s] [01m[K/opt/ros/jazzy/include/rclcpp/rclcpp/executors.hpp:62:1:[m[K [01;36m[Knote: [m[Kcandidate: â€˜[01m[Kvoid rclcpp::[01;32m[Kspin[m[K(Node::SharedPtr)[m[Kâ€™
[2.995s]    62 | [01;36m[Kspin[m[K(rclcpp::Node::SharedPtr node_ptr);
[2.995s]       | [01;36m[K^~~~[m[K
[2.995s] [01m[K/opt/ros/jazzy/include/rclcpp/rclcpp/executors.hpp:62:30:[m[K [01;36m[Knote: [m[K  no known conversion for argument 1 from â€˜[01m[Kshared_ptr<[01;32m[KMyNode[m[K>[m[Kâ€™ to â€˜[01m[Kshared_ptr<[01;32m[Krclcpp::Node[m[K>[m[Kâ€™
[2.995s]    62 | spin([01;36m[Krclcpp::Node::SharedPtr node_ptr[m[K);
[2.995s]       |      [01;36m[K~~~~~~~~~~~~~~~~~~~~~~~~^~~~~~~~[m[K
[3.590s] In file included from [01m[K/usr/include/c++/13/bits/shared_ptr_base.h:60[m[K,
[3.591s]                  from [01m[K/usr/include/c++/13/bits/shared_ptr.h:53[m[K,
[3.591s]                  from [01m[K/usr/include/c++/13/memory:80[m[K,
[3.591s]                  from [01m[K/opt/ros/jazzy/include/rclcpp/rclcpp/rclcpp.hpp:169[m[K:
[3.591s] /usr/include/c++/13/ext/aligned_buffer.h: In instantiation of â€˜[01m[Kstruct __gnu_cxx::__aligned_buffer<MyNode>[m[Kâ€™:
[3.591s] [01m[K/usr/include/c++/13/bits/shared_ptr_base.h:591:35:[m[K   required from â€˜[01m[Kclass std::_Sp_counted_ptr_inplace<MyNode, std::allocator<void>, __gnu_cxx::_S_atomic>::_Impl[m[Kâ€™
[3.591s] [01m[K/usr/include/c++/13/bits/shared_ptr_base.h:652:13:[m[K   required from â€˜[01m[Kclass std::_Sp_counted_ptr_inplace<MyNode, std::allocator<void>, __gnu_cxx::_S_atomic>[m[Kâ€™
[3.591s] [01m[K/usr/include/c++/13/bits/shared_ptr_base.h:968:43:[m[K   required from â€˜[01m[Kstd::__shared_count<_Lp>::[01;32m[K__shared_count[m[K(_Tp*&, std::_Sp_alloc_shared_tag<_Alloc>, _Args&& ...) [35m[K[with _Tp = MyNode; _Alloc = std::allocator<void>; _Args = {}; __gnu_cxx::_Lock_policy _Lp = __gnu_cxx::_S_atomic][m[K[m[Kâ€™
[3.591s] [01m[K/usr/include/c++/13/bits/shared_ptr_base.h:1712:14:[m[K   required from â€˜[01m[Kstd::__shared_ptr<_Tp, _Lp>::[01;32m[K__shared_ptr[m[K(std::_Sp_alloc_shared_tag<_Tp>, _Args&& ...) [35m[K[with _Alloc = std::allocator<void>; _Args = {}; _Tp = MyNode; __gnu_cxx::_Lock_policy _Lp = __gnu_cxx::_S_atomic][m[K[m[Kâ€™
[3.591s] [01m[K/usr/include/c++/13/bits/shared_ptr.h:464:59:[m[K   required from â€˜[01m[Kstd::shared_ptr<_Tp>::[01;32m[Kshared_ptr[m[K(std::_Sp_alloc_shared_tag<_Tp>, _Args&& ...) [35m[K[with _Alloc = std::allocator<void>; _Args = {}; _Tp = MyNode][m[K[m[Kâ€™
[3.592s] [01m[K/usr/include/c++/13/bits/shared_ptr.h:1009:14:[m[K   required from â€˜[01m[Kstd::shared_ptr<typename std::enable_if<(! std::is_array< <template-parameter-1-1> >::value), _Tp>::type> std::[01;32m[Kmake_shared[m[K(_Args&& ...) [35m[K[with _Tp = MyNode; _Args = {}; typename enable_if<(! is_array< <template-parameter-1-1> >::value), _Tp>::type = MyNode][m[K[m[Kâ€™
[3.592s] [01m[K/home/sahin/ros2_ws/src/my_cpp_pkg/src/my_first_node.cpp:28:41:[m[K   required from here
[3.592s] [01m[K/usr/include/c++/13/ext/aligned_buffer.h:93:28:[m[K [01;31m[Kerror: [m[Kinvalid application of â€˜[01m[Ksizeof[m[Kâ€™ to incomplete type â€˜[01m[KMyNode[m[Kâ€™
[3.592s]    93 |     : std::aligned_storage<[01;31m[Ksizeof(_Tp)[m[K, __alignof__(_Tp)>
[3.592s]       |                            [01;31m[K^~~~~~~~~~~[m[K
[3.592s] [01m[K/usr/include/c++/13/ext/aligned_buffer.h:93:28:[m[K [01;31m[Kerror: [m[Kinvalid application of â€˜[01m[Ksizeof[m[Kâ€™ to incomplete type â€˜[01m[KMyNode[m[Kâ€™
[3.936s] gmake[2]: *** [CMakeFiles/cpp_node.dir/build.make:76: CMakeFiles/cpp_node.dir/src/my_first_node.cpp.o] Error 1
[3.940s] gmake[1]: *** [CMakeFiles/Makefile2:137: CMakeFiles/cpp_node.dir/all] Error 2
[3.943s] gmake: *** [Makefile:146: all] Error 2
[3.964s] Invoked command in '/home/sahin/ros2_ws/build/my_cpp_pkg' returned '2': CMAKE_PREFIX_PATH=${CMAKE_PREFIX_PATH}:/home/sahin/ros2_ws/install/my_py_pkg:/opt/ros/jazzy DEBUGINFOD_URLS=https://debuginfod.ubuntu.com /usr/bin/cmake --build /home/sahin/ros2_ws/build/my_cpp_pkg -- -j2 -l2
